<?xml version="1.0" encoding="utf-8"?><testsuites><testsuite name="pytest" errors="0" failures="0" skipped="0" tests="9" time="0.157" timestamp="2026-06-08T17:10:27.890292" hostname="Angzes-MacBook-Pro.local"><testcase classname="python_script.test_energy" name="test_energy_all_up" time="0.002" /><testcase classname="python_script.test_energy" name="test_energy_all_down" time="0.001" /><testcase classname="python_script.test_energy" name="test_mag_all_up" time="0.000" /><testcase classname="python_script.test_energy" name="test_mag_all_down" time="0.000" /><testcase classname="python_script.test_energy" name="test_delta_energy" time="0.000" /><testcase classname="python_script.test_energy" name="test_delta_mag" time="0.000" /><testcase classname="python_script.test_energy" name="test_random" time="0.001" /><testcase classname="python_script.test_energy" name="test_burn_in_cycles_are_ignored" time="0.000" /><testcase classname="python_script.test_energy" name="test_reset_statistics_includes_current_state" time="0.000" /></testsuite></testsuites>