<?xml version="1.0" encoding="utf-8"?><testsuites><testsuite name="pytest" errors="0" failures="0" skipped="0" tests="7" time="0.152" timestamp="2026-06-08T13:51:14.705012" hostname="Angzes-MacBook-Pro.local"><testcase classname="python_script.test_energy" name="test_energy_all_up" time="0.001" /><testcase classname="python_script.test_energy" name="test_energy_all_down" time="0.001" /><testcase classname="python_script.test_energy" name="test_mag_all_up" time="0.001" /><testcase classname="python_script.test_energy" name="test_mag_all_down" time="0.001" /><testcase classname="python_script.test_energy" name="test_delta_energy" time="0.001" /><testcase classname="python_script.test_energy" name="test_delta_mag" time="0.001" /><testcase classname="python_script.test_energy" name="test_random" time="0.003" /></testsuite></testsuites>